<?xml version="1.0" encoding="UTF-8"?>
<!-- Generated by org.testng.reporters.JUnitXMLReporter -->
<testsuite ignored="0" hostname="LAPTOP-FQ27Q7TD" failures="1" tests="1" name="Validating the title" time="53.606" errors="0" timestamp="2021-05-15T17:51:58 IST">
  <testcase classname="Academy.ValidateTitle" name="basePageNavigation" time="0.163">
    <failure type="org.junit.ComparisonFailure" message="expected:&amp;lt;FEATURED[] COURSES&amp;gt; but was:&amp;lt;FEATURED[dfdfg] COURSES&amp;gt;">
      <![CDATA[org.junit.ComparisonFailure: expected:<FEATURED[] COURSES> but was:<FEATURED[dfdfg] COURSES>
at org.junit.Assert.assertEquals(Assert.java:115)
at org.junit.Assert.assertEquals(Assert.java:144)
at Academy.ValidateTitle.basePageNavigation(ValidateTitle.java:38)
at java.base/java.util.ArrayList.forEach(ArrayList.java:1511)
at java.base/java.util.concurrent.FutureTask.run(FutureTask.java:264)
at java.base/java.util.concurrent.ThreadPoolExecutor.runWorker(ThreadPoolExecutor.java:1130)
at java.base/java.util.concurrent.ThreadPoolExecutor$Worker.run(ThreadPoolExecutor.java:630)
at java.base/java.lang.Thread.run(Thread.java:831)
... Removed 18 stack frames]]>
    </failure>
  </testcase> <!-- basePageNavigation -->
</testsuite> <!-- Validating the title -->
